0 info it worked if it ends with ok
1 verbose cli [ 'C:\\Program Files\\nodejs\\node.exe',
1 verbose cli   'C:\\Program Files\\nodejs\\node_modules\\npm\\bin\\npm-cli.js',
1 verbose cli   'run',
1 verbose cli   'lint' ]
2 info using npm@3.10.10
3 info using node@v6.10.1
4 verbose run-script [ 'prelint', 'lint', 'postlint' ]
5 info lifecycle waseem@1.1.0~prelint: waseem@1.1.0
6 silly lifecycle waseem@1.1.0~prelint: no script for prelint, continuing
7 info lifecycle waseem@1.1.0~lint: waseem@1.1.0
8 verbose lifecycle waseem@1.1.0~lint: unsafe-perm in lifecycle true
9 verbose lifecycle waseem@1.1.0~lint: PATH: C:\Program Files\nodejs\node_modules\npm\bin\node-gyp-bin;C:\Users\IT\Desktop\waseem\i-test\node_modules\.bin;C:\Users\IT\AppData\Roaming\npm;C:\Program Files\nodejs\;C:\Windows\system32;C:\Windows;C:\Windows\System32\Wbem;C:\Windows\System32\WindowsPowerShell\v1.0\;C:\Program Files (x86)\Skype\Phone\;C:\Program Files\nodejs\;C:\Program Files\Git\cmd;C:\Users\IT\AppData\Roaming\npm
10 verbose lifecycle waseem@1.1.0~lint: CWD: C:\Users\IT\Desktop\waseem\i-test
11 silly lifecycle waseem@1.1.0~lint: Args: [ '/d /s /c', 'jshint index.js' ]
12 silly lifecycle waseem@1.1.0~lint: Returned: code: 2  signal: null
13 info lifecycle waseem@1.1.0~lint: Failed to exec lint script
14 verbose stack Error: waseem@1.1.0 lint: `jshint index.js`
14 verbose stack Exit status 2
14 verbose stack     at EventEmitter.<anonymous> (C:\Program Files\nodejs\node_modules\npm\lib\utils\lifecycle.js:255:16)
14 verbose stack     at emitTwo (events.js:106:13)
14 verbose stack     at EventEmitter.emit (events.js:191:7)
14 verbose stack     at ChildProcess.<anonymous> (C:\Program Files\nodejs\node_modules\npm\lib\utils\spawn.js:40:14)
14 verbose stack     at emitTwo (events.js:106:13)
14 verbose stack     at ChildProcess.emit (events.js:191:7)
14 verbose stack     at maybeClose (internal/child_process.js:886:16)
14 verbose stack     at Process.ChildProcess._handle.onexit (internal/child_process.js:226:5)
15 verbose pkgid waseem@1.1.0
16 verbose cwd C:\Users\IT\Desktop\waseem\i-test
17 error Windows_NT 6.3.9600
18 error argv "C:\\Program Files\\nodejs\\node.exe" "C:\\Program Files\\nodejs\\node_modules\\npm\\bin\\npm-cli.js" "run" "lint"
19 error node v6.10.1
20 error npm  v3.10.10
21 error code ELIFECYCLE
22 error waseem@1.1.0 lint: `jshint index.js`
22 error Exit status 2
23 error Failed at the waseem@1.1.0 lint script 'jshint index.js'.
23 error Make sure you have the latest version of node.js and npm installed.
23 error If you do, this is most likely a problem with the waseem package,
23 error not with npm itself.
23 error Tell the author that this fails on your system:
23 error     jshint index.js
23 error You can get information on how to open an issue for this project with:
23 error     npm bugs waseem
23 error Or if that isn't available, you can get their info via:
23 error     npm owner ls waseem
23 error There is likely additional logging output above.
24 verbose exit [ 1, true ]
